<?xml version="1.0" encoding="UTF-8"?>
<testng-results ignored="0" total="1" passed="1" failed="0" skipped="0">
  <reporter-output>
  </reporter-output>
  <suite started-at="2024-05-30T18:31:14 ICT" name="Default suite" finished-at="2024-05-30T18:31:35 ICT" duration-ms="20673">
    <groups>
      <group name="cucumber">
        <method signature="AbstractTestNGCucumberTests.runScenario(io.cucumber.testng.PickleWrapper,io.cucumber.testng.FeatureWrapper)[pri:0, instance:testRunner.TestRunner@6c64cb25]" name="runScenario" class="io.cucumber.testng.AbstractTestNGCucumberTests"/>
      </group> <!-- cucumber -->
    </groups>
    <test started-at="2024-05-30T18:31:14 ICT" name="Default test" finished-at="2024-05-30T18:31:35 ICT" duration-ms="20673">
      <class name="testRunner.TestRunner">
        <test-method is-config="true" signature="setUpClass()[pri:0, instance:testRunner.TestRunner@6c64cb25]" started-at="2024-05-30T18:31:14 ICT" name="setUpClass" finished-at="2024-05-30T18:31:15 ICT" duration-ms="880" status="PASS">
          <reporter-output>
          </reporter-output>
        </test-method> <!-- setUpClass -->
        <test-method signature="runScenario(io.cucumber.testng.PickleWrapper,io.cucumber.testng.FeatureWrapper)[pri:0, instance:testRunner.TestRunner@6c64cb25]" started-at="2024-05-30T18:31:15 ICT" name="runScenario" description="Runs Cucumber Scenarios" data-provider="scenarios" finished-at="2024-05-30T18:31:33 ICT" duration-ms="17926" status="PASS">
          <params>
            <param index="0">
              <value>
                <![CDATA["Register and add product to cart"]]>
              </value>
            </param>
            <param index="1">
              <value>
                <![CDATA["Optional[User able to register and add product to cart]"]]>
              </value>
            </param>
          </params>
          <reporter-output>
          </reporter-output>
        </test-method> <!-- runScenario -->
        <test-method is-config="true" signature="tearDownClass()[pri:0, instance:testRunner.TestRunner@6c64cb25]" started-at="2024-05-30T18:31:33 ICT" name="tearDownClass" finished-at="2024-05-30T18:31:35 ICT" duration-ms="1813" status="PASS">
          <reporter-output>
          </reporter-output>
        </test-method> <!-- tearDownClass -->
      </class> <!-- testRunner.TestRunner -->
    </test> <!-- Default test -->
  </suite> <!-- Default suite -->
</testng-results>
