<?xml version="1.0" encoding="UTF-8"?>
<!-- Generated by org.testng.reporters.JUnitReportReporter -->
<testsuite hostname="LAPTOP-6FE90J88" failures="0" tests="1" name="runner.runnerTest" time="11.219" errors="1" timestamp="2024-05-30T01:00:20 ICT" skipped="0">
  <testcase classname="runner.runnerTest" name="runScenario" time="11.219">
    <error message="Cannot invoke &quot;org.apache.logging.log4j.Logger.debug(String)&quot; because &quot;this.logs&quot; is null" type="java.lang.NullPointerException">
      <![CDATA[java.lang.NullPointerException: Cannot invoke "org.apache.logging.log4j.Logger.debug(String)" because "this.logs" is null
at stepdefinitions.loginsteps.User_enters_valid_email_address(loginsteps.java:29)
at ✽.User enters valid email address "Divya@txcct.com"(file:///C:/Users/PARDHU/eclipse-workspace/AutomationProject2/src/test/resources/features/login.feature:7)
]]>
    </error>
  </testcase> <!-- runScenario -->
  <system-out/>
</testsuite> <!-- runner.runnerTest -->
